\BOOKMARK [1][-]{section.1}{\376\377\000I\000n\000t\000r\000o\000d\000u\000c\000t\000i\000o\000n}{}% 1
\BOOKMARK [2][-]{subsection.1.1}{\376\377\000C\000l\000a\000i\000m\000-\000s\000t\000a\000t\000u\000s\000\040\000c\000o\000n\000v\000e\000n\000t\000i\000o\000n}{section.1}% 2
\BOOKMARK [1][-]{section.2}{\376\377\000E\000x\000c\000e\000p\000t\000i\000o\000n\000a\000l\000-\000g\000e\000o\000m\000e\000t\000r\000i\000c\000\040\000s\000e\000t\000u\000p}{}% 3
\BOOKMARK [2][-]{subsection.2.1}{\376\377\000O\000c\000t\000o\000n\000i\000o\000n\000i\000c\000\040\000t\000e\000n\000s\000o\000r\000s\000\040\000a\000n\000d\000\040\000f\000o\000u\000r\000\040\000t\000h\000r\000e\000e\000-\000p\000l\000a\000n\000e\000s}{section.2}% 4
\BOOKMARK [2][-]{subsection.2.2}{\376\377\000T\000a\000r\000g\000e\000t\000-\000f\000r\000e\000e\000\040\000s\000c\000a\000l\000a\000r\000\040\000a\000c\000t\000i\000o\000n\000s}{section.2}% 5
\BOOKMARK [1][-]{section.3}{\376\377\000B\000a\000s\000e\000l\000i\000n\000e\000\040\000p\000r\000e\000d\000i\000c\000t\000i\000v\000i\000t\000y\000\040\000g\000a\000t\000e}{}% 6
\BOOKMARK [2][-]{subsection.3.1}{\376\377\000V\000a\000c\000u\000u\000m\000\040\000s\000t\000a\000b\000i\000l\000i\000t\000y\000\040\000a\000n\000d\000\040\000i\000s\000o\000l\000a\000t\000i\000o\000n}{section.3}% 7
\BOOKMARK [2][-]{subsection.3.2}{\376\377\000S\000i\000g\000n\000e\000d\000-\000a\000s\000s\000o\000c\000i\000a\000t\000o\000r\000\040\000m\000a\000s\000s\000\040\000m\000a\000p}{section.3}% 8
\BOOKMARK [2][-]{subsection.3.3}{\376\377\000W\000h\000y\000\040\000b\000a\000s\000e\000l\000i\000n\000e\000\040\000m\000i\000x\000i\000n\000g\000\040\000i\000s\000\040\000u\000n\000d\000e\000f\000i\000n\000e\000d}{section.3}% 9
\BOOKMARK [1][-]{section.4}{\376\377\000C\000o\000m\000p\000l\000e\000x\000\040\000o\000v\000e\000r\000l\000a\000p\000\040\000a\000n\000d\000\040\000s\000c\000a\000l\000a\000r\000\040\000l\000o\000o\000p\000\040\000a\000c\000t\000i\000o\000n\000s}{}% 10
\BOOKMARK [2][-]{subsection.4.1}{\376\377\000T\000h\000r\000e\000e\000\040\000p\000r\000i\000m\000i\000t\000i\000v\000e\000\040\000o\000r\000i\000e\000n\000t\000e\000d\000\040\000c\000y\000c\000l\000e\000s}{section.4}% 11
\BOOKMARK [2][-]{subsection.4.2}{\376\377\000Q\000u\000o\000t\000i\000e\000n\000t\000-\000H\000e\000s\000s\000i\000a\000n\000\040\000r\000e\000s\000u\000l\000t}{section.4}% 12
\BOOKMARK [1][-]{section.5}{\376\377\000A\000u\000x\000i\000l\000i\000a\000r\000y\000\040\000u\000n\000i\000t\000a\000r\000y\000\040\000l\000i\000n\000k\000\040\000a\000n\000d\000\040\000e\000x\000a\000c\000t\000\040\000b\000a\000c\000k\000r\000e\000a\000c\000t\000i\000o\000n}{}% 13
\BOOKMARK [2][-]{subsection.5.1}{\376\377\000S\000h\000a\000r\000e\000d\000\040\000l\000e\000f\000t\000-\000g\000e\000n\000e\000r\000a\000t\000i\000o\000n\000\040\000s\000p\000a\000c\000e}{section.5}% 14
\BOOKMARK [2][-]{subsection.5.2}{\376\377\000L\000e\000p\000t\000o\000n\000-\000a\000n\000g\000l\000e\000\040\000d\000i\000a\000g\000n\000o\000s\000t\000i\000c}{section.5}% 15
\BOOKMARK [1][-]{section.6}{\376\377\000B\000a\000c\000k\000r\000e\000a\000c\000t\000e\000d\000\040\000q\000u\000o\000t\000i\000e\000n\000t\000-\000H\000e\000s\000s\000i\000a\000n\000\040\000g\000a\000t\000e}{}% 16
\BOOKMARK [2][-]{subsection.6.1}{\376\377\000S\000m\000o\000o\000t\000h\000,\000\040\000s\000a\000t\000u\000r\000a\000t\000e\000d\000,\000\040\000a\000n\000d\000\040\000n\000o\000n\000s\000m\000o\000o\000t\000h\000\040\000b\000r\000a\000n\000c\000h\000e\000s}{section.6}% 17
\BOOKMARK [2][-]{subsection.6.2}{\376\377\000A\000n\000g\000l\000e\000\040\000a\000n\000d\000\040\000i\000s\000o\000l\000a\000t\000i\000o\000n\000\040\000r\000e\000s\000u\000l\000t\000s}{section.6}% 18
\BOOKMARK [1][-]{section.7}{\376\377\000S\000t\000r\000u\000c\000t\000u\000r\000a\000l\000\040\000i\000n\000t\000e\000r\000p\000r\000e\000t\000a\000t\000i\000o\000n}{}% 19
\BOOKMARK [1][-]{section.8}{\376\377\000L\000i\000m\000i\000t\000s\000\040\000o\000f\000\040\000t\000h\000e\000\040\000c\000a\000l\000c\000u\000l\000a\000t\000i\000o\000n}{}% 20
\BOOKMARK [1][-]{section.9}{\376\377\000C\000o\000n\000c\000l\000u\000s\000i\000o\000n}{}% 21
\BOOKMARK [1][-]{appendix.A}{\376\377\000E\000x\000t\000e\000r\000n\000a\000l\000\040\000E\0006\000\040\000n\000e\000u\000t\000r\000a\000l\000-\000f\000e\000r\000m\000i\000o\000n\000\040\000b\000e\000n\000c\000h\000m\000a\000r\000k}{}% 22
\BOOKMARK [1][-]{appendix.B}{\376\377\000N\000u\000m\000e\000r\000i\000c\000a\000l\000\040\000v\000e\000r\000i\000f\000i\000c\000a\000t\000i\000o\000n\000\040\000a\000n\000d\000\040\000a\000r\000t\000i\000f\000a\000c\000t\000\040\000l\000e\000d\000g\000e\000r}{}% 23
