point_1 Y27_table2__Y351_table2
 charged [0.05345319562021847, 0.8341862491214995] target [0.0613, 0.867]
 neutrino [0.12285407438345132, 0.1324915341421819] target [0.126, 0.135]
 mixing {'U_left_rows': {'matrix': [[-0.965518977149153, -0.26033268093893575], [-0.26033268093893563, 0.9655189771491528]], 'offdiag_01_squared': 0.06777310476485372, 'diag_00_squared': 0.9322268952351467}, 'V_right_columns': {'matrix': [[-0.8081299329128743, -0.5890042542547835], [0.5890042542547835, -0.8081299329128743]], 'offdiag_01_squared': 0.34692601153023367, 'diag_00_squared': 0.6530739884697667}} target 0.343
point_1 Y27_table2__Y351_table3
 charged [0.05345319562021847, 0.8341862491214995] target [0.0613, 0.867]
 neutrino [0.12285407438345132, 0.1324915341421819] target [0.126, 0.135]
 mixing {'U_left_rows': {'matrix': [[-0.965518977149153, -0.26033268093893575], [-0.26033268093893563, 0.9655189771491528]], 'offdiag_01_squared': 0.06777310476485372, 'diag_00_squared': 0.9322268952351467}, 'V_right_columns': {'matrix': [[-0.8081299329128743, -0.5890042542547835], [0.5890042542547835, -0.8081299329128743]], 'offdiag_01_squared': 0.34692601153023367, 'diag_00_squared': 0.6530739884697667}} target 0.343
point_1 Y27_table3__Y351_table2
 charged [0.05345319562021847, 0.8341862491214995] target [0.0613, 0.867]
 neutrino [0.12285407438345132, 0.1324915341421819] target [0.126, 0.135]
 mixing {'U_left_rows': {'matrix': [[-0.965518977149153, -0.26033268093893575], [-0.26033268093893563, 0.9655189771491528]], 'offdiag_01_squared': 0.06777310476485372, 'diag_00_squared': 0.9322268952351467}, 'V_right_columns': {'matrix': [[-0.8081299329128743, -0.5890042542547835], [0.5890042542547835, -0.8081299329128743]], 'offdiag_01_squared': 0.34692601153023367, 'diag_00_squared': 0.6530739884697667}} target 0.343
point_1 Y27_table3__Y351_table3
 charged [0.05345319562021847, 0.8341862491214995] target [0.0613, 0.867]
 neutrino [0.12285407438345132, 0.1324915341421819] target [0.126, 0.135]
 mixing {'U_left_rows': {'matrix': [[-0.965518977149153, -0.26033268093893575], [-0.26033268093893563, 0.9655189771491528]], 'offdiag_01_squared': 0.06777310476485372, 'diag_00_squared': 0.9322268952351467}, 'V_right_columns': {'matrix': [[-0.8081299329128743, -0.5890042542547835], [0.5890042542547835, -0.8081299329128743]], 'offdiag_01_squared': 0.34692601153023367, 'diag_00_squared': 0.6530739884697667}} target 0.343
point_2 Y27_table2__Y351_table2
 charged [0.10637852218684841, 1.207583386828756] target [0.0664, 1.03]
 neutrino [0.06708999213884687, 0.08135000246198106] target [0.0659, 0.0824]
 mixing {'U_left_rows': {'matrix': [[-0.9942264611663489, -0.10730211515453816], [-0.10730211515453814, 0.9942264611663489]], 'offdiag_01_squared': 0.011513743916637769, 'diag_00_squared': 0.9884862560833616}, 'V_right_columns': {'matrix': [[0.8276754562932527, 0.5612070375982074], [-0.5612070375982074, 0.8276754562932527]], 'offdiag_01_squared': 0.3149533390497558, 'diag_00_squared': 0.685046660950244}} target 0.327
point_2 Y27_table2__Y351_table3
 charged [0.08268784998320823, 1.7974655192291342] target [0.0664, 1.03]
 neutrino [0.0551270804217109, 0.0780775659773906] target [0.0659, 0.0824]
 mixing {'U_left_rows': {'matrix': [[-0.411292719888656, -0.9115033179131009], [-0.9115033179131007, 0.411292719888656]], 'offdiag_01_squared': 0.8308382985665915, 'diag_00_squared': 0.16916170143340845}, 'V_right_columns': {'matrix': [[-0.6631558350144405, -0.7484813548020416], [0.7484813548020417, -0.6631558350144404]], 'offdiag_01_squared': 0.5602243384862997, 'diag_00_squared': 0.43977566151369984}} target 0.327
point_2 Y27_table3__Y351_table2
 charged [0.08361140562179695, 3.5089632549119547] target [0.0664, 1.03]
 neutrino [0.07681452910577452, 0.08465966404172506] target [0.0659, 0.0824]
 mixing {'U_left_rows': {'matrix': [[-0.8906482460420793, -0.4546929753384885], [-0.4546929753384886, 0.8906482460420795]], 'offdiag_01_squared': 0.2067457018221673, 'diag_00_squared': 0.7932542981778321}, 'V_right_columns': {'matrix': [[0.8287839982271538, 0.5595686591318466], [-0.5595686591318467, 0.8287839982271538]], 'offdiag_01_squared': 0.31311708428261276, 'diag_00_squared': 0.6868829157173868}} target 0.327
point_2 Y27_table3__Y351_table3
 charged [0.07873395354025758, 1.0748874425300492] target [0.0664, 1.03]
 neutrino [0.06344044890715156, 0.07943276303807832] target [0.0659, 0.0824]
 mixing {'U_left_rows': {'matrix': [[-0.9847267936467011, -0.1741066968105685], [-0.1741066968105686, 0.9847267936467013]], 'offdiag_01_squared': 0.030313141874287224, 'diag_00_squared': 0.9696868581257126}, 'V_right_columns': {'matrix': [[0.829031741758881, 0.5592015478843348], [-0.5592015478843348, 0.8290317417588808]], 'offdiag_01_squared': 0.31270637115623606, 'diag_00_squared': 0.6872936288437639}} target 0.327
WROTE D:\Projects\can_o_worms\e6_table2_table3_yukawa_inconsistency_diagnostic_v1.json
