/d/Projects/FINALFUCKINGTIME/fn_joint_ckm_results.json: OK
g2_invariant_trace_extremum_gate_v1.py: OK
g2_invariant_trace_extremum_gate_v2.py: OK
g2_invariant_trace_extremum_gate_v2_results.json: OK
g2_invariant_trace_extremum_gate_v2_run.log: OK
g2_invariant_relative_energy_extremum_gate_v1.py: OK
g2_invariant_relative_energy_extremum_gate_v1_results.json: OK
g2_invariant_relative_energy_extremum_gate_v1_run.log: OK
verify_g2_invariant_trace_extremum_gates_v1.py: OK
verify_g2_invariant_trace_extremum_gates_v1_results.json: OK
verify_g2_invariant_trace_extremum_gates_v1_run.log: OK
verify_g2_invariant_trace_identities_v1.py: OK
verify_g2_invariant_trace_identities_v1_results.json: OK
verify_g2_invariant_trace_identities_v1_run.log: OK
G2_INVARIANT_TRACE_EXTREMUM_GATE_REPORT_v1.md: OK
verify_g2_invariant_trace_extremum_report_v1.py: OK
verify_g2_invariant_trace_extremum_report_v1_results.json: OK
verify_g2_invariant_trace_extremum_report_v1_run.log: OK
verify_g2_invariant_trace_extremum_report_v2.py: OK
verify_g2_invariant_trace_extremum_report_v2_results.json: OK
verify_g2_invariant_trace_extremum_report_v2_run.log: OK
posthoc_combo_weight_ratios_v1.log: OK
reduced_gradient_spectrum_v1.log: OK
