RECENT_FILES 2182
RELEVANT_FILES 174
WROTE D:\Projects\can_o_worms\recent_e6_neutrino_artifact_inventory_v1.json
WROTE D:\Projects\can_o_worms\recent_e6_neutrino_artifact_inventory_v1.md
2026-07-13T22:23:22.504563+00:00 D:\Projects\can_o_worms\inventory_recent_e6_neutrino_artifacts_v1.log ['e6', 'neutrino']
2026-07-13T22:23:16.154932+00:00 D:\Projects\can_o_worms\inventory_recent_e6_neutrino_artifacts_v1.py ['1311.0775', '1504.00904', "351'", 'doublet mass matrix', 'e6', 'ew vev', 'f1y351', 'f3y351', 'higgs composition', 'lambda6', 'mdoublets', 'neutrino', 'null eigenvector', 'null-eigenvector', 'sterile', 'y351', 'λ6']
2026-07-13T22:05:07.381030+00:00 D:\Projects\can_o_worms\ad_hoc_changed_path_verifier_v2_source.txt ['f1y351', 'f3y351', 'neutrino', 'sterile', 'y351']
2026-07-13T22:03:49.356484+00:00 D:\Projects\can_o_worms\ad_hoc_changed_path_verifier_v1.log ['e6', 'neutrino', 'sterile']
2026-07-13T22:03:49.352485+00:00 D:\Projects\can_o_worms\heavy_sterile_neutrino_ad_hoc_independent_verification_v1.json ['ew vev', 'f1y351', 'f3y351', 'neutrino', 'sterile', 'y351']
2026-07-13T22:03:49.266289+00:00 D:\Projects\can_o_worms\heavy_sterile_neutrino_ad_hoc_spectrum_results_v1.json ['e6', 'neutrino', 'sterile', 'y351']
2026-07-13T22:03:49.218191+00:00 D:\Projects\can_o_worms\heavy_sterile_neutrino_ad_hoc_source_extract_v1.json ['1311.0775', '1504.00904', 'doublet mass matrix', 'e6', 'ew vev', 'f1y351', 'f3y351', 'neutrino', 'sterile', 'y351', 'λ6']
2026-07-13T22:03:48.075462+00:00 D:\Projects\can_o_worms\heavy_sterile_neutrino_ad_hoc_benchmark_table_page_v1.png ['neutrino', 'sterile']
2026-07-13T22:03:40.369735+00:00 D:\Projects\can_o_worms\ad_hoc_changed_path_verifier_v1_source.txt ['neutrino', 'sterile']
2026-07-13T22:02:02.518670+00:00 D:\Projects\can_o_worms\heavy_sterile_neutrino_artifact_hashes_v1.txt ['e6', 'neutrino', 'sterile']
2026-07-13T22:01:44.878199+00:00 D:\Projects\can_o_worms\heavy_sterile_neutrino_gate_report_v1.md ['1504.00904', "351'", 'e6', 'ew vev', 'neutrino', 'sterile']
2026-07-13T22:01:39.211254+00:00 C:\Users\theai\AppData\Local\Temp\164e7e66-e954-47cd-948b-c48f3d87b8a0.tmp ['e6']
2026-07-13T22:01:04.574108+00:00 C:\Users\theai\AppData\Local\Temp\833b73fa-a239-42b8-ae40-2aee67a8f28c.tmp ['e6']
2026-07-13T22:01:01.809317+00:00 D:\Projects\can_o_worms\verify_heavy_sterile_neutrino_spectrum_v1.log ['neutrino', 'sterile']
2026-07-13T22:01:01.779857+00:00 D:\Projects\can_o_worms\heavy_sterile_neutrino_independent_verification_v1.json ['ew vev', 'f1y351', 'f3y351', 'neutrino', 'sterile', 'y351']
2026-07-13T22:00:53.935086+00:00 D:\Projects\can_o_worms\verify_heavy_sterile_neutrino_spectrum_v1.py ['1504.00904', 'e6', 'ew vev', 'f1y351', 'f3y351', 'neutrino', 'sterile', 'y351']
2026-07-13T22:00:23.053159+00:00 C:\Users\theai\AppData\Local\Temp\02dfe220-71e4-4cfe-805f-e6f74f076b04.tmp ['e6']
2026-07-13T22:00:06.259449+00:00 D:\Projects\can_o_worms\heavy_sterile_neutrino_spectrum_gate_v1.log ['neutrino', 'sterile']
2026-07-13T22:00:06.237447+00:00 D:\Projects\can_o_worms\heavy_sterile_neutrino_spectrum_results_v1.json ['e6', 'neutrino', 'sterile', 'y351']
2026-07-13T22:00:00.293251+00:00 D:\Projects\can_o_worms\heavy_sterile_neutrino_spectrum_gate_v1.py ['1504.00904', 'e6', 'neutrino', 'sterile', 'y351']
2026-07-13T21:59:23.299096+00:00 D:\Projects\can_o_worms\heavy_sterile_neutrino_benchmark_inputs_v1.json ['1504.00904', 'e6', 'neutrino', 'sterile', 'y351']
2026-07-13T21:55:41.601057+00:00 D:\Projects\can_o_worms\heavy_sterile_neutrino_source_extract_v1.log ['e6', 'neutrino', 'sterile']
2026-07-13T21:55:41.574705+00:00 D:\Projects\can_o_worms\heavy_sterile_neutrino_source_extract_v1.json ['1311.0775', '1504.00904', 'doublet mass matrix', 'e6', 'ew vev', 'f1y351', 'f3y351', 'neutrino', 'sterile', 'y351', 'λ6']
2026-07-13T21:55:40.610474+00:00 D:\Projects\can_o_worms\heavy_sterile_neutrino_benchmark_table_page_v1.png ['neutrino', 'sterile']
2026-07-13T21:55:30.553984+00:00 D:\Projects\can_o_worms\heavy_sterile_neutrino_source_extract_v1.py ['1311.0775', '1504.00904', 'e6', 'neutrino', 'sterile']
2026-07-13T21:49:59.332176+00:00 D:\Projects\can_o_worms\publication\target_free_g2_arxiv_v3\README.md ['e6']
2026-07-13T21:49:59.332176+00:00 D:\Projects\can_o_worms\publication\target_free_g2_arxiv_v4\README.md ['e6']
2026-07-13T21:49:59.332176+00:00 D:\Projects\can_o_worms\publication\target_free_g2_arxiv_v5\README.md ['e6']
2026-07-13T21:49:59.332176+00:00 D:\Projects\can_o_worms\publication\target_free_g2_arxiv_v6\README.md ['e6']
2026-07-13T21:49:59.332176+00:00 D:\Projects\can_o_worms\publication\target_free_g2_arxiv_v7\README.md ['e6']
