point_1
  lambda6 solved/table -0.007517405923138841 -0.00759
  Higgs null residuals 2.298327676843868e-16 2.090974253459561e-16
  v_i [-1.82940253e+01  6.61156882e+01  1.20800883e+02  1.93106125e+02
  7.88918753e-04  2.99456179e-03  5.56487372e+01  8.49045608e-03
  3.72802460e-03  1.26930823e+01  5.67103525e-03  8.37560534e+00]
  bar_v_i [-7.63957144e-05 -1.70468095e+00 -4.97023127e-04  2.40435605e+01
  7.47538747e-01 -7.53528378e-01 -1.88536395e-04 -2.13647273e+00
  3.53248396e+00  1.61935504e-04  4.71555092e-05  1.06854099e-04]
  masses full/Eq84/published [0.12285407438345036, 0.1324915341421815] [0.12285407 0.13249153] [0.126, 0.135]
  sin2 theta23 reconstructed/published 0.34692601153023367 0.343
  light sterile amplitudes ['9.54083428426337832745131e-11', '1.09878221923990837908936e-10']
  nu_c-like heavy states [{'mass_GeV': '149556000000.000000001564862001', 'nu_c_fraction': '0.999999999999999999989535', 'active_doublet_amplitude': '1.02300641103419377263405e-10', 'active_doublet_fraction': '1.04654211701706181824299e-20'}, {'mass_GeV': '152852000000.000000001637455242', 'nu_c_fraction': '0.999999999999999999989289', 'active_doublet_amplitude': '1.03491808250524177325263e-10', 'active_doublet_fraction': '1.07105543749632641809705e-20'}]
point_2
  lambda6 solved/table 0.030198349097539726 0.0306
  Higgs null residuals 1.2401001812414758e-16 1.532337267496628e-16
  v_i [ 1.34726535e-01 -3.91064893e+01  2.19174479e+01  2.40441988e+02
 -4.47043663e-02 -1.73549998e-02  5.44319955e+00 -2.71468549e-02
 -1.16544988e-01 -5.23097857e+00 -1.34234223e-02  6.14522245e+00]
  bar_v_i [ 1.14811816e-04  1.32447202e+01 -1.51708677e-02  2.01840920e+01
  1.38063009e+00 -6.56726392e-01  5.01094607e-03 -1.02725764e+00
  3.59932443e+00  3.93021175e-03  4.18836613e-03 -4.61711421e-03]
  masses full/Eq84/published [0.06708999213884685, 0.08135000246198096] [0.06708999 0.08135   ] [0.0659, 0.0824]
  sin2 theta23 reconstructed/published 0.3149533390497558 0.327
  light sterile amplitudes ['6.44533916989294787390497e-12', '7.59363782145417539794643e-12']
  nu_c-like heavy states [{'mass_GeV': '1584239999999.99980000011164912', 'nu_c_fraction': '0.999999999999999999999929', 'active_doublet_amplitude': '8.40517886350919149223376e-12', 'active_doublet_fraction': '7.06470317275816639047445e-23'}, {'mass_GeV': '4046160000000.00000000011627313', 'nu_c_fraction': '0.999999999999999999999971', 'active_doublet_amplitude': '5.34403635953576756702649e-12', 'active_doublet_fraction': '2.85587246120402995976122e-23'}]
Traceback (most recent call last):
  File "D:\Projects\can_o_worms\reconstruct_e6_higgs_vevs_neutral_mixing_v5.py", line 67, in <module>
    main()
  File "D:\Projects\can_o_worms\reconstruct_e6_higgs_vevs_neutral_mixing_v5.py", line 32, in main
    orchestration.main()
  File "D:\Projects\can_o_worms\reconstruct_e6_higgs_vevs_neutral_mixing_v4.py", line 180, in main
    "files_examined": inventory["total_files_examined"],
                      ~~~~~~~~~^^^^^^^^^^^^^^^^^^^^^^^^
KeyError: 'total_files_examined'
