point_1
  lambda6 solved/table -0.007517405923138841 -0.00759
  light masses full [0.12285407438345036, 0.1324915341421815]
  light masses Eq84 [0.12285407 0.13249153]
  charged lepton masses [0.0534532  0.83418625]
  sin2 theta23 reconstructed/published 0.06777310476485372 0.343
  light sterile amplitudes ['9.54083428426337832745131e-11', '1.09878221923990837908936e-10']
  heavy nu_c masses/amplitudes
    149556000000.000000001564862001 1.02300641103419377263405e-10 0.999999999999999999989535
    152852000000.000000001637455242 1.03491808250524177325263e-10 0.999999999999999999989289
point_2
  lambda6 solved/table 0.030198349097539726 0.0306
  light masses full [0.06708999213884685, 0.08135000246198096]
  light masses Eq84 [0.06708999 0.08135   ]
  charged lepton masses [0.10637852 1.20758339]
  sin2 theta23 reconstructed/published 0.011513743916637769 0.327
  light sterile amplitudes ['6.44533916989294787390497e-12', '7.59363782145417539794643e-12']
  heavy nu_c masses/amplitudes
    1584239999999.99980000011164912 8.40517886350919149223376e-12 0.999999999999999999999929
    4046160000000.00000000011627313 5.34403635953576756702649e-12 0.999999999999999999999971
WROTE D:\Projects\can_o_worms\e6_higgs_vev_neutral_mixing_reconstruction_v3.json
WROTE D:\Projects\can_o_worms\e6_higgs_vev_neutral_mixing_reconstruction_v3.md
