point_1
  lambda6 solved/table -0.007517405923138841 -0.00759
  doublet singular tail [2.29404624e-01 4.71907947e-02 3.35843363e-16 7.36090687e-18]
  null residuals 2.090974253459561e-16 2.298327676843868e-16
  v_i [-7.63957144e-04 -1.70468095e+01 -4.97023127e-03  2.40435605e+02
  7.47538747e+00 -7.53528378e+00 -1.88536395e-03 -2.13647273e+01
  3.53248396e+01  1.61935504e-03  4.71555092e-04  1.06854099e-03]
  bar_v_i [-1.82940253e+00  6.61156882e+00  1.20800883e+01  1.93106125e+01
  7.88918753e-05  2.99456179e-04  5.56487372e+00  8.49045608e-04
  3.72802460e-04  1.26930823e+00  5.67103525e-04  8.37560534e-01]
  Delta [1.04900833e-10 9.19594234e-21 7.94437936e-10 2.60936720e-10]
  light eV reconstructed/published [0.01259744832667709, 0.10557280758432683] [0.126, 0.135]
  state 0 1.25974483266770899499574e-11 {'nu_doublet': '0.910154106609295278', 'nu_prime_doublet': '0.089845893390704722', 'nu_c': '4.6437438721077648e-22', 's': '4.04343567071701855e-33', 'nu_prime_c': '1.45221104574521356e-51'}
  state 1 1.05572807584326830074656e-10 {'nu_doublet': '0.14601188124701727', 'nu_prime_doublet': '0.85398811875298273', 'nu_c': '2.19683273409938981e-21', 's': '1.06088591271840785e-31', 'nu_prime_c': '1.55955482907889239e-50'}
  state 2 149556000000.000000000245 {'nu_doublet': '6.62727738112597128e-22', 'nu_prime_doublet': '9.71900148396104858e-22', 'nu_c': '1.0', 's': '1.33675425731869898e-52', 'nu_prime_c': '4.14966526396183871e-30'}
  state 3 152852000000.000000000157 {'nu_doublet': '6.19171189335098505e-22', 'nu_prime_doublet': '4.07408053367184655e-22', 'nu_c': '1.0', 's': '6.11161732622927795e-53', 'nu_prime_c': '1.8165900036175898e-30'}
  state 4 2287847571005709.2131652 {'nu_doublet': '0.0000787462410270877061', 'nu_prime_doublet': '0.499921253758972912', 'nu_c': '1.51514734739665271e-32', 's': '8.17809152365850068e-30', 'nu_prime_c': '0.5'}
  state 5 2287847571005709.2131652 {'nu_doublet': '0.0000787462410270877061', 'nu_prime_doublet': '0.499921253758972912', 'nu_c': '7.48048258199176757e-33', 's': '9.67418648324900333e-30', 'nu_prime_c': '0.5'}
  state 6 6679200000000000.0 {'nu_doublet': '4.60083213746065223e-30', 'nu_prime_doublet': '7.463091963092723e-30', 'nu_c': '1.92601486912826167e-58', 's': '1.0', 'nu_prime_c': '3.13413000507072163e-30'}
  state 7 6826400000000000.0 {'nu_doublet': '6.73722010032364825e-30', 'nu_prime_doublet': '9.30474790961647436e-30', 'nu_c': '5.81203724743699627e-60', 's': '1.0', 'nu_prime_c': '4.59216438577127477e-30'}
  state 8 9646926461938189.50419158 {'nu_doublet': '0.471838259830816639', 'nu_prime_doublet': '0.0281617401691833615', 'nu_c': '2.12402552295032054e-31', 's': '1.03578702718555054e-29', 'nu_prime_c': '0.5'}
  state 9 9646926461938189.50419158 {'nu_doublet': '0.471838259830816639', 'nu_prime_doublet': '0.0281617401691833615', 'nu_c': '1.36320396144271985e-29', 's': '7.51190619562992698e-30', 'nu_prime_c': '0.5'}
point_2
  lambda6 solved/table 0.030198349097539726 0.0306
  doublet singular tail [4.52735034e-01 3.85463683e-01 7.15630651e-17 1.58685298e-17]
  null residuals 1.532337267496628e-16 1.2401001812414758e-16
  v_i [ 1.14811816e-03  1.32447202e+02 -1.51708677e-01  2.01840920e+02
  1.38063009e+01 -6.56726392e+00  5.01094607e-02 -1.02725764e+01
  3.59932443e+01  3.93021175e-02  4.18836613e-02 -4.61711421e-02]
  bar_v_i [ 1.34726535e-02 -3.91064893e+00  2.19174479e+00  2.40441988e+01
 -4.47043663e-03 -1.73549998e-03  5.44319955e-01 -2.71468549e-03
 -1.16544988e-02 -5.23097857e-01 -1.34234223e-03  6.14522245e-01]
  Delta [-7.60497442e-09 -4.09185317e-18 -9.04330051e-09  1.04595940e-08]
  light eV reconstructed/published [0.7919108979403747, 0.8999530797537375] [0.0659, 0.0824]
  state 0 7.91910897940374716036262e-10 {'nu_doublet': '0.590956231975894056', 'nu_prime_doublet': '0.409043768024105944', 'nu_c': '4.51762654432989683e-22', 's': '2.76391133400562957e-31', 'nu_prime_c': '7.11416222419815563e-49'}
  state 1 8.99953079753737484572256e-10 {'nu_doublet': '0.468527865112540968', 'nu_prime_doublet': '0.531472134887459032', 'nu_c': '6.88436537148374658e-22', 's': '6.82879110620408335e-32', 'nu_prime_c': '1.97132777070456843e-48'}
  state 2 1584239999999.99980000127 {'nu_doublet': '4.9140222000938433e-23', 'nu_prime_doublet': '7.52993120479158369e-22', 'nu_c': '1.0', 's': '2.27822837957992818e-52', 'nu_prime_c': '5.21329302802910964e-28'}
  state 3 4046160000000.00000000136 {'nu_doublet': '2.03823325286030926e-23', 'nu_prime_doublet': '3.17683551072716436e-22', 'nu_c': '1.0', 's': '9.65973810012159468e-53', 'nu_prime_c': '1.43409169253699126e-27'}
  state 4 2554378671093471.96920867 {'nu_doublet': '0.0274857278937252135', 'nu_prime_doublet': '0.472514272106274787', 'nu_c': '4.89217440391204952e-28', 's': '1.10823814855599031e-27', 'nu_prime_c': '0.5'}
  state 5 2554378671093471.96920868 {'nu_doublet': '0.0274857278937252135', 'nu_prime_doublet': '0.472514272106274787', 'nu_c': '5.80271005966098205e-28', 's': '8.45855450595015087e-27', 'nu_prime_c': '0.5'}
  state 6 3960599999999999.0 {'nu_doublet': '3.83958025952974594e-28', 'nu_prime_doublet': '5.67377163401354999e-27', 'nu_c': '3.53102657264373162e-54', 's': '1.0', 'nu_prime_c': '2.5433477705247668e-27'}
  state 7 10115399999999998.0 {'nu_doublet': '1.44701875966567649e-27', 'nu_prime_doublet': '5.5579855743491212e-28', 'nu_c': '1.22817511932839638e-54', 's': '1.0', 'nu_prime_c': '1.34985018165437677e-27'}
  state 8 11243626038412285.5509544 {'nu_doublet': '0.442772223562057274', 'nu_prime_doublet': '0.0572277764379427257', 'nu_c': '2.9020224775985798e-28', 's': '2.36476387672688218e-27', 'nu_prime_c': '0.5'}
  state 9 11243626038412285.5509544 {'nu_doublet': '0.442772223562057274', 'nu_prime_doublet': '0.0572277764379427257', 'nu_c': '6.30230353212763528e-28', 's': '2.18437189687708016e-29', 'nu_prime_c': '0.5'}
WROTE D:\Projects\can_o_worms\e6_higgs_vev_and_neutral_sector_reconstruction_v1.json
WROTE D:\Projects\can_o_worms\e6_higgs_vev_and_neutral_sector_reconstruction_v1.md
