point_1
  lambda6 solved/table -0.007517405923138841 -0.00759
  doublet singular tail [2.29404624e-01 4.71907947e-02 3.35843363e-16 7.36090687e-18]
  v_i [-1.82940253e+01  6.61156882e+01  1.20800883e+02  1.93106125e+02
  7.88918753e-04  2.99456179e-03  5.56487372e+01  8.49045608e-03
  3.72802460e-03  1.26930823e+01  5.67103525e-03  8.37560534e+00]
  bar_v_i [-7.63957144e-05 -1.70468095e+00 -4.97023127e-04  2.40435605e+01
  7.47538747e-01 -7.53528378e-01 -1.88536395e-04 -2.13647273e+00
  3.53248396e+00  1.61935504e-04  4.71555092e-05  1.06854099e-04]
  Delta [ 1.57882901e-09 -1.79509327e-16  1.19567738e-08  3.92725627e-09]
  light eV reconstructed/published [0.12285407438345036, 0.1324915341421815] [0.126, 0.135]
  state 0 1.22854074383450368503131e-10 {'nu_doublet': '0.594369548766527385', 'nu_prime_doublet': '0.405630451233472615', 'nu_c': '9.10275188219058788e-21', 's': '1.78696117833956676e-30', 'nu_prime_c': '1.49513411023184801e-48'}
  state 1 1.32491534142181499094172e-10 {'nu_doublet': '0.461796439089785162', 'nu_prime_doublet': '0.538203560910214838', 'nu_c': '1.20732236507157687e-20', 's': '2.46201210050064876e-30', 'nu_prime_c': '1.98332125664445253e-48'}
  state 2 149556000000.000000001565 {'nu_doublet': '5.90398693659588304e-22', 'nu_prime_doublet': '9.87502247651102988e-21', 'nu_c': '1.0', 's': '3.48962367060500806e-51', 'nu_prime_c': '4.21870458111621074e-29'}
  state 3 152852000000.000000001637 {'nu_doublet': '6.04445473478832367e-22', 'nu_prime_doublet': '1.01061089014844318e-20', 'nu_c': '1.0', 's': '3.27274469223758288e-51', 'nu_prime_c': '4.50974283957757105e-29'}
  state 4 2287847571005709.2131652 {'nu_doublet': '0.0000787462410270877061', 'nu_prime_doublet': '0.499921253758972912', 'nu_c': '2.0228439743997947e-32', 's': '1.34292998917501722e-28', 'nu_prime_c': '0.5'}
  state 5 2287847571005709.2131652 {'nu_doublet': '0.0000787462410270877061', 'nu_prime_doublet': '0.499921253758972912', 'nu_c': '2.83397014068604418e-32', 's': '1.34773373875758792e-28', 'nu_prime_c': '0.5'}
  state 6 6679200000000000.0 {'nu_doublet': '4.49589127760787181e-30', 'nu_prime_doublet': '1.19274664958130936e-28', 'nu_c': '9.05222475451879038e-59', 's': '1.0', 'nu_prime_c': '1.82402232249083324e-29'}
  state 7 6826400000000000.0 {'nu_doublet': '3.55817395141058748e-30', 'nu_prime_doublet': '1.2228344832271555e-28', 'nu_c': '6.33589722135159922e-58', 's': '1.0', 'nu_prime_c': '1.76385675122873912e-29'}
  state 8 9646926461938189.50419158 {'nu_doublet': '0.471838259830816639', 'nu_prime_doublet': '0.0281617401691833615', 'nu_c': '8.23894299096976297e-29', 's': '5.7374369885145056e-30', 'nu_prime_c': '0.5'}
  state 9 9646926461938189.50419158 {'nu_doublet': '0.471838259830816639', 'nu_prime_doublet': '0.0281617401691833615', 'nu_c': '1.70740019042553302e-29', 's': '6.43818618644543456e-30', 'nu_prime_c': '0.5'}
point_2
  lambda6 solved/table 0.030198349097539726 0.0306
  doublet singular tail [4.52735034e-01 3.85463683e-01 7.15630651e-17 1.58685298e-17]
  v_i [ 1.34726535e-01 -3.91064893e+01  2.19174479e+01  2.40441988e+02
 -4.47043663e-02 -1.73549998e-02  5.44319955e+00 -2.71468549e-02
 -1.16544988e-01 -5.23097857e+00 -1.34234223e-02  6.14522245e+00]
  bar_v_i [ 1.14811816e-04  1.32447202e+01 -1.51708677e-02  2.01840920e+01
  1.38063009e+00 -6.56726392e-01  5.01094607e-03 -1.02725764e+00
  3.59932443e+00  3.93021175e-03  4.18836613e-03 -4.61711421e-03]
  Delta [-6.63276314e-10  7.04207581e-16 -7.88743456e-10  9.12270532e-10]
  light eV reconstructed/published [0.06708999213884685, 0.08135000246198096] [0.0659, 0.0824]
  state 0 6.70899921388468583046015e-11 {'nu_doublet': '0.60648550559274249', 'nu_prime_doublet': '0.39351449440725751', 'nu_c': '4.15423968332183187e-23', 's': '1.81737995675443258e-31', 'nu_prime_c': '5.25429812965413635e-51'}
  state 1 8.1350002461980963955526e-11 {'nu_doublet': '0.452998591495692535', 'nu_prime_doublet': '0.547001408504307465', 'nu_c': '5.76633353582973587e-23', 's': '5.12195625915254637e-33', 'nu_prime_c': '1.56575599263232687e-50'}
  state 2 1584239999999.99980000011 {'nu_doublet': '4.19368221057741294e-24', 'nu_prime_doublet': '6.6453349517004251e-23', 'nu_c': '1.0', 's': '4.7218951608277285e-54', 'nu_prime_c': '4.60019415191248858e-29'}
  state 3 4046160000000.00000000012 {'nu_doublet': '1.71117481659365419e-24', 'nu_prime_doublet': '2.68475497954466454e-23', 'nu_c': '1.0', 's': '1.96146601365274192e-54', 'nu_prime_c': '1.21176544004643269e-28'}
  state 4 2554378671093471.96920867 {'nu_doublet': '0.0274857278937252135', 'nu_prime_doublet': '0.472514272106274787', 'nu_c': '5.75946928036542018e-29', 's': '9.76537308801657185e-29', 'nu_prime_c': '0.5'}
  state 5 2554378671093471.96920867 {'nu_doublet': '0.0274857278937252135', 'nu_prime_doublet': '0.472514272106274787', 'nu_c': '3.50518870807315298e-29', 's': '7.28192453962319316e-28', 'nu_prime_c': '0.5'}
  state 6 3960599999999999.0 {'nu_doublet': '3.44442600791222981e-29', 'nu_prime_doublet': '4.89030413130233163e-28', 'nu_c': '1.5687332726854369e-56', 's': '1.0', 'nu_prime_c': '2.17672198442840896e-28'}
  state 7 10115399999999998.0 {'nu_doublet': '1.40866099695825955e-28', 'nu_prime_doublet': '4.76912394060226471e-29', 'nu_c': '3.36727675059953104e-56', 's': '1.0', 'nu_prime_c': '1.36259213059772875e-28'}
  state 8 11243626038412285.5509544 {'nu_doublet': '0.442772223562057274', 'nu_prime_doublet': '0.0572277764379427257', 'nu_c': '9.09057770345148794e-29', 's': '2.37748216305816007e-28', 'nu_prime_c': '0.5'}
  state 9 11243626038412285.5509544 {'nu_doublet': '0.442772223562057274', 'nu_prime_doublet': '0.0572277764379427257', 'nu_c': '7.77423489092795529e-30', 's': '2.18216271358219662e-30', 'nu_prime_c': '0.5'}
WROTE D:\Projects\can_o_worms\e6_higgs_vev_and_neutral_sector_reconstruction_v2.json
WROTE D:\Projects\can_o_worms\e6_higgs_vev_and_neutral_sector_reconstruction_v2.md
