{
  "schema": "verify_g2_invariant_trace_identities_v1",
  "identities": {
    "single_frame": "8 tr(P hh^T) + 4 ||phi(X,X,h)||^2/2 + ||A(X,X,h)||^2/2 = 12",
    "frame_pair": "16 tr(PQ) + 4(E_phi_XXY+E_phi_XYY) + (E_A_XXY+E_A_YYX) = 72",
    "scope": "unit h and orthonormal 3-frames in R^7 under the locked octonion/G2 convention",
    "status": "numerically_certified_on_archived_frames_and_random_samples_not_formal_symbolic_proof"
  },
  "archived_single": {
    "Ld": {
      "identity_value": 12.000000000000004,
      "residual_from_12": 3.552713678800501e-15
    },
    "Rd": {
      "identity_value": 11.999999999999998,
      "residual_from_12": -1.7763568394002505e-15
    },
    "Lu": {
      "identity_value": 12.0,
      "residual_from_12": 0.0
    },
    "Ru": {
      "identity_value": 11.999999999999998,
      "residual_from_12": -1.7763568394002505e-15
    }
  },
  "archived_pair": {
    "down": {
      "identity_value": 72.0,
      "residual_from_72": 0.0
    },
    "up": {
      "identity_value": 71.99999999999997,
      "residual_from_72": -2.842170943040401e-14
    },
    "left_cross": {
      "identity_value": 72.0,
      "residual_from_72": 0.0
    },
    "right_cross": {
      "identity_value": 71.99999999999997,
      "residual_from_72": -2.842170943040401e-14
    }
  },
  "random_samples": 512,
  "max_random_single_residual": 1.4210854715202004e-14,
  "max_random_pair_residual": 8.526512829121202e-14,
  "posthoc_combo": {
    "identity_combination_expected_weights": {
      "sum_tr_P_hh": -0.8340538113725765,
      "sum_phi_XXX_sq": 0.0,
      "sum_phi_XXh_sq": -0.41702690568628825,
      "sum_assoc_XXh_sq": -0.10425672642157206,
      "sector_sum_tr_PQ": 0.33485426094104664,
      "sector_sum_tr_PQPQ": 0.0,
      "sector_sum_det_XtY_sq": 0.0,
      "sector_sum_phi_mixed_sq": 0.08371356523526166,
      "sector_sum_psi_mixed_sq": 0.0,
      "sector_sum_assoc_mixed_sq": 0.020928391308815415,
      "cross_sum_tr_PQ": 0.0,
      "cross_sum_phi_mixed_sq": 0.0
    },
    "reported_minus_expected_weights": {
      "sum_tr_P_hh": 1.1298983970675636e-10,
      "sum_phi_XXX_sq": -3.769280467012535e-11,
      "sum_phi_XXh_sq": 3.2248814729740616e-11,
      "sum_assoc_XXh_sq": 0.0,
      "sector_sum_tr_PQ": 3.360556277698379e-10,
      "sector_sum_tr_PQPQ": -2.3171302198890112e-10,
      "sector_sum_det_XtY_sq": 9.043478814196255e-10,
      "sector_sum_phi_mixed_sq": 1.0288032925576118e-10,
      "sector_sum_psi_mixed_sq": 8.388093353286849e-11,
      "sector_sum_assoc_mixed_sq": 0.0,
      "cross_sum_tr_PQ": -1.94047430131314e-11,
      "cross_sum_phi_mixed_sq": -4.826486642447422e-11
    },
    "max_weight_residual": 9.043478814196255e-10,
    "implied_configuration_independent_constant": -1.9906345197660391,
    "interpretation": "The near-zero posthoc gradient is generated by two constant contraction identities, not by stationarity of the archived frame."
  },
  "checks": {
    "archived_single_identity": true,
    "archived_pair_identity": true,
    "random_single_identity": true,
    "random_pair_identity": true,
    "posthoc_weights_are_identity_combination": true
  },
  "all_pass": true
}
