publication/target_free_g2_arxiv_v7/main.tex: OK
publication/target_free_g2_arxiv_v7/references.bib: OK
publication/target_free_g2_arxiv_v7/selection_funnel.png: OK
publication/target_free_g2_arxiv_v7/isolated_full_rank_spectra.png: OK
publication/target_free_g2_arxiv_v7/main.pdf: OK
publication/target_free_g2_arxiv_v7/main.log: OK
publication/target_free_g2_arxiv_v7/tectonic_build_v7.log: OK
publication/target_free_g2_arxiv_v7_source_v2.tar.gz: OK
publication/target_free_g2_arxiv_v7_source_v2_contents.log: OK
publication/target_free_g2_arxiv_v7_source_v2_sha256.log: OK
publication/target_free_g2_arxiv_v7_source_v2_extraction_verify.log: OK
publication/target_free_g2_arxiv_v7_source_v2_verification/main.pdf: OK
publication/target_free_g2_arxiv_v7_source_v2_verification/main.log: OK
publication/target_free_g2_arxiv_v7_source_v2_verification/tectonic_clean_archive_build_v2.log: OK
publication/verify_target_free_g2_arxiv_changed_sources_v1.py: OK
publication/verify_target_free_g2_arxiv_changed_sources_v1_results.json: OK
publication/verify_target_free_g2_arxiv_changed_sources_v1_run.log: OK
publication/verify_target_free_g2_arxiv_v7_archive_v1.py: OK
publication/verify_target_free_g2_arxiv_v7_archive_v1_results.json: OK
publication/verify_target_free_g2_arxiv_v7_archive_v1_run.log: OK
publication/TARGET_FREE_G2_ARXIV_RELEASE_READINESS_REPORT_v1.md: OK
